This is pdfTeX, Version 3.14159265-2.6-1.40.19 (MiKTeX 2.9.6800 64-bit) (preloaded format=pdflatex 2018.9.29)  6 DEC 2018 04:18
entering extended mode
**./analisis.tex
(analisis.tex
LaTeX2e <2018-04-01> patch level 5
("C:\Program Files\MiKTeX 2.9\tex\latex\base\book.cls"
Document Class: book 2014/09/29 v1.4h Standard LaTeX document class
("C:\Program Files\MiKTeX 2.9\tex\latex\base\bk10.clo"
File: bk10.clo 2014/09/29 v1.4h Standard LaTeX file (size option)
)
\c@part=\count80
\c@chapter=\count81
\c@section=\count82
\c@subsection=\count83
\c@subsubsection=\count84
\c@paragraph=\count85
\c@subparagraph=\count86
\c@figure=\count87
\c@table=\count88
\abovecaptionskip=\skip41
\belowcaptionskip=\skip42
\bibindent=\dimen102
) (cdtBook.sty
Package: cdtBook 2010/05/30, v1.0 CDT-ESCOM-IPN Plantilla para reportes de la C
oordinaci\unhbox \voidb@x \bgroup \let \unhbox \voidb@x \setbox \@tempboxa \hbo
x {o\global \mathchardef \accent@spacefactor \spacefactor }\accent 19 o\egroup 
\spacefactor \accent@spacefactor n

("C:\Program Files\MiKTeX 2.9\tex\latex\base\inputenc.sty"
Package: inputenc 2018/04/06 v1.3b Input encoding file
\inpenc@prehook=\toks14
\inpenc@posthook=\toks15
)
("C:\Program Files\MiKTeX 2.9\tex\generic\babel\babel.sty"
Package: babel 2018/06/05 3.22 The Babel package

("C:\Program Files\MiKTeX 2.9\tex\generic\babel\switch.def"
File: switch.def 2018/06/05 3.22 Babel switching mechanism
)
*************************************
* Local config file bblopts.cfg used
*
("C:\Program Files\MiKTeX 2.9\tex\latex\arabi\bblopts.cfg"
File: bblopts.cfg 2005/09/08 v0.1 add Arabic and Farsi to "declared" options of
 babel
)
("C:\Program Files\MiKTeX 2.9\tex\latex\babel-spanish\spanish.ldf"
Language: spanish.ldf 2016/03/03 v5.0p Spanish support from the babel system

("C:\Program Files\MiKTeX 2.9\tex\generic\babel\babel.def"
File: babel.def 2018/06/05 3.22 Babel common definitions
\babel@savecnt=\count89
\U@D=\dimen103

("C:\Program Files\MiKTeX 2.9\tex\generic\babel\txtbabel.def")
\bbl@dirlevel=\count90
)
\es@quottoks=\toks16
\es@quotdepth=\count91
Package babel Info: Making " an active character on input line 561.
Package babel Info: Making . an active character on input line 662.
Package babel Info: Making < an active character on input line 707.
Package babel Info: Making > an active character on input line 707.
))
("C:\Program Files\MiKTeX 2.9\tex\latex\cmbright\cmbright.sty"
Package: cmbright 2005/04/13 v8.1 (WaS)
LaTeX Font Info:    Redeclaring symbol font `operators' on input line 29.
LaTeX Font Info:    Overwriting symbol font `operators' in version `normal'
(Font)                  OT1/cmr/m/n --> OT1/cmbr/m/n on input line 29.
LaTeX Font Info:    Overwriting symbol font `operators' in version `bold'
(Font)                  OT1/cmr/bx/n --> OT1/cmbr/m/n on input line 29.
LaTeX Font Info:    Redeclaring symbol font `letters' on input line 30.
LaTeX Font Info:    Overwriting symbol font `letters' in version `normal'
(Font)                  OML/cmm/m/it --> OML/cmbrm/m/it on input line 30.
LaTeX Font Info:    Overwriting symbol font `letters' in version `bold'
(Font)                  OML/cmm/b/it --> OML/cmbrm/m/it on input line 30.
LaTeX Font Info:    Overwriting symbol font `letters' in version `bold'
(Font)                  OML/cmbrm/m/it --> OML/cmbrm/b/it on input line 31.
LaTeX Font Info:    Redeclaring symbol font `symbols' on input line 32.
LaTeX Font Info:    Overwriting symbol font `symbols' in version `normal'
(Font)                  OMS/cmsy/m/n --> OMS/cmbrs/m/n on input line 32.
LaTeX Font Info:    Overwriting symbol font `symbols' in version `bold'
(Font)                  OMS/cmsy/b/n --> OMS/cmbrs/m/n on input line 32.
LaTeX Font Info:    Redeclaring math alphabet \mathit on input line 33.
LaTeX Font Info:    Overwriting math alphabet `\mathit' in version `normal'
(Font)                  OT1/cmr/m/it --> OT1/cmbr/m/sl on input line 33.
LaTeX Font Info:    Overwriting math alphabet `\mathit' in version `bold'
(Font)                  OT1/cmr/bx/it --> OT1/cmbr/m/sl on input line 33.
LaTeX Font Info:    Redeclaring math alphabet \mathbf on input line 34.
LaTeX Font Info:    Overwriting math alphabet `\mathbf' in version `normal'
(Font)                  OT1/cmr/bx/n --> OT1/cmbr/bx/n on input line 34.
LaTeX Font Info:    Overwriting math alphabet `\mathbf' in version `bold'
(Font)                  OT1/cmr/bx/n --> OT1/cmbr/bx/n on input line 34.
LaTeX Font Info:    Redeclaring math alphabet \mathtt on input line 35.
LaTeX Font Info:    Overwriting math alphabet `\mathtt' in version `normal'
(Font)                  OT1/cmtt/m/n --> OT1/cmtl/m/n on input line 35.
LaTeX Font Info:    Overwriting math alphabet `\mathtt' in version `bold'
(Font)                  OT1/cmtt/m/n --> OT1/cmtl/m/n on input line 35.
LaTeX Font Info:    Redeclaring math symbol \alpha on input line 37.
LaTeX Font Info:    Redeclaring math symbol \beta on input line 38.
LaTeX Font Info:    Redeclaring math symbol \gamma on input line 39.
LaTeX Font Info:    Redeclaring math symbol \delta on input line 40.
LaTeX Font Info:    Redeclaring math symbol \epsilon on input line 41.
LaTeX Font Info:    Redeclaring math symbol \zeta on input line 42.
LaTeX Font Info:    Redeclaring math symbol \eta on input line 43.
LaTeX Font Info:    Redeclaring math symbol \theta on input line 44.
LaTeX Font Info:    Redeclaring math symbol \iota on input line 45.
LaTeX Font Info:    Redeclaring math symbol \kappa on input line 46.
LaTeX Font Info:    Redeclaring math symbol \lambda on input line 47.
LaTeX Font Info:    Redeclaring math symbol \mu on input line 48.
LaTeX Font Info:    Redeclaring math symbol \nu on input line 49.
LaTeX Font Info:    Redeclaring math symbol \xi on input line 50.
LaTeX Font Info:    Redeclaring math symbol \pi on input line 51.
LaTeX Font Info:    Redeclaring math symbol \rho on input line 52.
LaTeX Font Info:    Redeclaring math symbol \sigma on input line 53.
LaTeX Font Info:    Redeclaring math symbol \tau on input line 54.
LaTeX Font Info:    Redeclaring math symbol \upsilon on input line 55.
LaTeX Font Info:    Redeclaring math symbol \phi on input line 56.
LaTeX Font Info:    Redeclaring math symbol \chi on input line 57.
LaTeX Font Info:    Redeclaring math symbol \psi on input line 58.
LaTeX Font Info:    Redeclaring math symbol \omega on input line 59.
LaTeX Font Info:    Redeclaring math symbol \varepsilon on input line 60.
LaTeX Font Info:    Redeclaring math symbol \vartheta on input line 61.
LaTeX Font Info:    Redeclaring math symbol \varpi on input line 62.
LaTeX Font Info:    Redeclaring math symbol \varrho on input line 63.
LaTeX Font Info:    Redeclaring math symbol \varsigma on input line 64.
LaTeX Font Info:    Redeclaring math symbol \varphi on input line 65.
LaTeX Info: Redefining \LaTeX on input line 129.
LaTeX Info: Redefining \LaTeXe on input line 139.
LaTeX Font Info:    Try loading font information for OT1+cmbr on input line 144
.

("C:\Program Files\MiKTeX 2.9\tex\latex\cmbright\ot1cmbr.fd"
File: ot1cmbr.fd 2005/04/13 v8.1 (WaS)
))
("C:\Program Files\MiKTeX 2.9\tex\latex\graphics\graphicx.sty"
Package: graphicx 2017/06/01 v1.1a Enhanced LaTeX Graphics (DPC,SPQR)

("C:\Program Files\MiKTeX 2.9\tex\latex\graphics\keyval.sty"
Package: keyval 2014/10/28 v1.15 key=value parser (DPC)
\KV@toks@=\toks17
)
("C:\Program Files\MiKTeX 2.9\tex\latex\graphics\graphics.sty"
Package: graphics 2017/06/25 v1.2c Standard LaTeX Graphics (DPC,SPQR)

("C:\Program Files\MiKTeX 2.9\tex\latex\graphics\trig.sty"
Package: trig 2016/01/03 v1.10 sin cos tan (DPC)
)
("C:\Program Files\MiKTeX 2.9\tex\latex\graphics-cfg\graphics.cfg"
File: graphics.cfg 2016/06/04 v1.11 sample graphics configuration
)
Package graphics Info: Driver file: pdftex.def on input line 99.

("C:\Program Files\MiKTeX 2.9\tex\latex\graphics-def\pdftex.def"
File: pdftex.def 2018/01/08 v1.0l Graphics/color driver for pdftex
))
\Gin@req@height=\dimen104
\Gin@req@width=\dimen105
)
("C:\Program Files\MiKTeX 2.9\tex\latex\graphics\color.sty"
Package: color 2016/07/10 v1.1e Standard LaTeX Color (DPC)

("C:\Program Files\MiKTeX 2.9\tex\latex\graphics-cfg\color.cfg"
File: color.cfg 2016/01/02 v1.6 sample color configuration
)
Package color Info: Driver file: pdftex.def on input line 147.

("C:\Program Files\MiKTeX 2.9\tex\latex\graphics\dvipsnam.def"
File: dvipsnam.def 2016/06/17 v3.0m Driver-dependent file (DPC,SPQR)
))
("C:\Program Files\MiKTeX 2.9\tex\latex\wallpaper\wallpaper.sty"
Package: wallpaper 2005/01/18, v1.01 easy wallpaper formatting (MHFW)

("C:\Program Files\MiKTeX 2.9\tex\latex\base\ifthen.sty"
Package: ifthen 2014/09/29 v1.1c Standard LaTeX ifthen package (DPC)
)
("C:\Program Files\MiKTeX 2.9\tex\latex\tools\calc.sty"
Package: calc 2017/05/25 v4.3 Infix arithmetic (KKT,FJ)
\calc@Acount=\count92
\calc@Bcount=\count93
\calc@Adimen=\dimen106
\calc@Bdimen=\dimen107
\calc@Askip=\skip43
\calc@Bskip=\skip44
LaTeX Info: Redefining \setlength on input line 80.
LaTeX Info: Redefining \addtolength on input line 81.
\calc@Ccount=\count94
\calc@Cskip=\skip45
)
("C:\Program Files\MiKTeX 2.9\tex\latex\eso-pic\eso-pic.sty"
Package: eso-pic 2018/04/12 v2.0h eso-pic (RN)

("C:\Program Files\MiKTeX 2.9\tex\generic\oberdiek\atbegshi.sty"
Package: atbegshi 2016/06/09 v1.18 At begin shipout hook (HO)

("C:\Program Files\MiKTeX 2.9\tex\generic\oberdiek\infwarerr.sty"
Package: infwarerr 2016/05/16 v1.4 Providing info/warning/error messages (HO)
)
("C:\Program Files\MiKTeX 2.9\tex\generic\oberdiek\ltxcmds.sty"
Package: ltxcmds 2016/05/16 v1.23 LaTeX kernel commands for general use (HO)
)
("C:\Program Files\MiKTeX 2.9\tex\generic\oberdiek\ifpdf.sty"
Package: ifpdf 2017/03/15 v3.2 Provides the ifpdf switch
)))
\wpXoffset=\skip46
\wpYoffset=\skip47
\tileXoffset=\skip48
\tileYoffset=\skip49
\tilewidth=\skip50
\tileheight=\skip51
\tileX=\skip52
\tileY=\skip53
)
("C:\Program Files\MiKTeX 2.9\tex\latex\fancyhdr\fancyhdr.sty"
Package: fancyhdr 2017/06/30 v3.9a Extensive control of page headers and footer
s
\f@nch@headwidth=\skip54
\f@nch@O@elh=\skip55
\f@nch@O@erh=\skip56
\f@nch@O@olh=\skip57
\f@nch@O@orh=\skip58
\f@nch@O@elf=\skip59
\f@nch@O@erf=\skip60
\f@nch@O@olf=\skip61
\f@nch@O@orf=\skip62
)
("C:\Program Files\MiKTeX 2.9\tex\latex\geometry\geometry.sty"
Package: geometry 2018/04/16 v5.8 Page Geometry

("C:\Program Files\MiKTeX 2.9\tex\generic\oberdiek\ifvtex.sty"
Package: ifvtex 2016/05/16 v1.6 Detect VTeX and its facilities (HO)
Package ifvtex Info: VTeX not detected.
)
("C:\Program Files\MiKTeX 2.9\tex\generic\ifxetex\ifxetex.sty"
Package: ifxetex 2010/09/12 v0.6 Provides ifxetex conditional
)
\Gm@cnth=\count95
\Gm@cntv=\count96
\c@Gm@tempcnt=\count97
\Gm@bindingoffset=\dimen108
\Gm@wd@mp=\dimen109
\Gm@odd@mp=\dimen110
\Gm@even@mp=\dimen111
\Gm@layoutwidth=\dimen112
\Gm@layoutheight=\dimen113
\Gm@layouthoffset=\dimen114
\Gm@layoutvoffset=\dimen115
\Gm@dimlist=\toks18

("C:\Program Files\MiKTeX 2.9\tex\latex\geometry\geometry.cfg"))
("C:\Program Files\MiKTeX 2.9\tex\latex\fncychap\fncychap.sty"
Package: fncychap 2007/07/30 v1.34 LaTeX package (Revised chapters)
\RW=\skip63
\mylen=\skip64
\myhi=\skip65
\px=\skip66
\py=\skip67
\pyy=\skip68
\pxx=\skip69
)
("C:\Program Files\MiKTeX 2.9\tex\latex\marvosym\marvosym.sty"
Package: marvosym 2011/07/20 v2.2 Martin Vogel's Symbols font definitions
)

Package Fancyhdr Warning: \fancyhead's `E' option without twoside option is use
less on input line 33.


Package Fancyhdr Warning: \fancyhead's `E' option without twoside option is use
less on input line 35.


Package Fancyhdr Warning: \fancyfoot's `E' option without twoside option is use
less on input line 39.


Package Fancyhdr Warning: \fancyfoot's `E' option without twoside option is use
less on input line 40.

) (usecases.sty (requerimientos.sty
("C:\Program Files\MiKTeX 2.9\tex\latex\tools\longtable.sty"
Package: longtable 2014/10/28 v4.11 Multi-page Table package (DPC)
\LTleft=\skip70
\LTright=\skip71
\LTpre=\skip72
\LTpost=\skip73
\LTchunksize=\count98
\LTcapwidth=\dimen116
\LT@head=\box26
\LT@firsthead=\box27
\LT@foot=\box28
\LT@lastfoot=\box29
\LT@cols=\count99
\LT@rows=\count100
\c@LT@tables=\count101
\c@LT@chunks=\count102
\LT@p@ftn=\toks19
)
("C:\Program Files\MiKTeX 2.9\tex\latex\hyperref\hyperref.sty"
Package: hyperref 2018/02/06 v6.86b Hypertext links for LaTeX

("C:\Program Files\MiKTeX 2.9\tex\generic\oberdiek\hobsub-hyperref.sty"
Package: hobsub-hyperref 2016/05/16 v1.14 Bundle oberdiek, subset hyperref (HO)


("C:\Program Files\MiKTeX 2.9\tex\generic\oberdiek\hobsub-generic.sty"
Package: hobsub-generic 2016/05/16 v1.14 Bundle oberdiek, subset generic (HO)
Package: hobsub 2016/05/16 v1.14 Construct package bundles (HO)
Package hobsub Info: Skipping package `infwarerr' (already loaded).
Package hobsub Info: Skipping package `ltxcmds' (already loaded).
Package: ifluatex 2016/05/16 v1.4 Provides the ifluatex switch (HO)
Package ifluatex Info: LuaTeX not detected.
Package hobsub Info: Skipping package `ifvtex' (already loaded).
Package: intcalc 2016/05/16 v1.2 Expandable calculations with integers (HO)
Package hobsub Info: Skipping package `ifpdf' (already loaded).
Package: etexcmds 2016/05/16 v1.6 Avoid name clashes with e-TeX commands (HO)
Package etexcmds Info: Could not find \expanded.
(etexcmds)             That can mean that you are not using pdfTeX 1.50 or
(etexcmds)             that some package has redefined \expanded.
(etexcmds)             In the latter case, load this package earlier.
Package: kvsetkeys 2016/05/16 v1.17 Key value parser (HO)
Package: kvdefinekeys 2016/05/16 v1.4 Define keys (HO)
Package: pdftexcmds 2018/01/30 v0.27 Utility functions of pdfTeX for LuaTeX (HO
)
Package pdftexcmds Info: LuaTeX not detected.
Package pdftexcmds Info: \pdf@primitive is available.
Package pdftexcmds Info: \pdf@ifprimitive is available.
Package pdftexcmds Info: \pdfdraftmode found.
Package: pdfescape 2016/05/16 v1.14 Implements pdfTeX's escape features (HO)
Package: bigintcalc 2016/05/16 v1.4 Expandable calculations on big integers (HO
)
Package: bitset 2016/05/16 v1.2 Handle bit-vector datatype (HO)
Package: uniquecounter 2016/05/16 v1.3 Provide unlimited unique counter (HO)
)
Package hobsub Info: Skipping package `hobsub' (already loaded).
Package: letltxmacro 2016/05/16 v1.5 Let assignment for LaTeX macros (HO)
Package: hopatch 2016/05/16 v1.3 Wrapper for package hooks (HO)
Package: xcolor-patch 2016/05/16 xcolor patch
Package: atveryend 2016/05/16 v1.9 Hooks at the very end of document (HO)
Package atveryend Info: \enddocument detected (standard20110627).
Package hobsub Info: Skipping package `atbegshi' (already loaded).
Package: refcount 2016/05/16 v3.5 Data extraction from label references (HO)
Package: hycolor 2016/05/16 v1.8 Color options for hyperref/bookmark (HO)
)
("C:\Program Files\MiKTeX 2.9\tex\latex\oberdiek\auxhook.sty"
Package: auxhook 2016/05/16 v1.4 Hooks for auxiliary files (HO)
)
("C:\Program Files\MiKTeX 2.9\tex\latex\oberdiek\kvoptions.sty"
Package: kvoptions 2016/05/16 v3.12 Key value format for package options (HO)
)
\@linkdim=\dimen117
\Hy@linkcounter=\count103
\Hy@pagecounter=\count104

("C:\Program Files\MiKTeX 2.9\tex\latex\hyperref\pd1enc.def"
File: pd1enc.def 2018/02/06 v6.86b Hyperref: PDFDocEncoding definition (HO)
Now handling font encoding PD1 ...
... no UTF-8 mapping file for font encoding PD1
)
\Hy@SavedSpaceFactor=\count105

("C:\Program Files\MiKTeX 2.9\tex\latex\00miktex\hyperref.cfg"
File: hyperref.cfg 2002/06/06 v1.2 hyperref configuration of TeXLive
)
Package hyperref Info: Option `bookmarks' set `true' on input line 4383.
Package hyperref Info: Option `colorlinks' set `true' on input line 4383.
Package hyperref Info: Hyper figures OFF on input line 4509.
Package hyperref Info: Link nesting OFF on input line 4514.
Package hyperref Info: Hyper index ON on input line 4517.
Package hyperref Info: Plain pages OFF on input line 4524.
Package hyperref Info: Backreferencing OFF on input line 4529.
Package hyperref Info: Implicit mode ON; LaTeX internals redefined.
Package hyperref Info: Bookmarks ON on input line 4762.
\c@Hy@tempcnt=\count106

("C:\Program Files\MiKTeX 2.9\tex\latex\url\url.sty"
\Urlmuskip=\muskip10
Package: url 2013/09/16  ver 3.4  Verb mode for urls, etc.
)
LaTeX Info: Redefining \url on input line 5115.
\XeTeXLinkMargin=\dimen118
\Fld@menulength=\count107
\Field@Width=\dimen119
\Fld@charsize=\dimen120
Package hyperref Info: Hyper figures OFF on input line 6369.
Package hyperref Info: Link nesting OFF on input line 6374.
Package hyperref Info: Hyper index ON on input line 6377.
Package hyperref Info: backreferencing OFF on input line 6384.
Package hyperref Info: Link coloring ON on input line 6387.
Package hyperref Info: Link coloring with OCG OFF on input line 6394.
Package hyperref Info: PDF/A mode OFF on input line 6399.
LaTeX Info: Redefining \ref on input line 6439.
LaTeX Info: Redefining \pageref on input line 6443.
\Hy@abspage=\count108
\c@Item=\count109
\c@Hfootnote=\count110
)
Package hyperref Info: Driver: hpdftex.

("C:\Program Files\MiKTeX 2.9\tex\latex\hyperref\hpdftex.def"
File: hpdftex.def 2018/02/06 v6.86b Hyperref driver for pdfTeX
\Fld@listcount=\count111
\c@bookmark@seq@number=\count112

("C:\Program Files\MiKTeX 2.9\tex\latex\oberdiek\rerunfilecheck.sty"
Package: rerunfilecheck 2016/05/16 v1.8 Rerun checks for auxiliary files (HO)
Package uniquecounter Info: New unique counter `rerunfilecheck' on input line 2
82.
)
\Hy@SectionHShift=\skip74
)
("C:\Program Files\MiKTeX 2.9\tex\latex\amsfonts\amssymb.sty"
Package: amssymb 2013/01/14 v3.01 AMS font symbols

("C:\Program Files\MiKTeX 2.9\tex\latex\amsfonts\amsfonts.sty"
Package: amsfonts 2013/01/14 v3.01 Basic AMSFonts support
\@emptytoks=\toks20
\symAMSa=\mathgroup4
\symAMSb=\mathgroup5
LaTeX Font Info:    Overwriting math alphabet `\mathfrak' in version `bold'
(Font)                  U/euf/m/n --> U/euf/b/n on input line 106.
))
("C:\Program Files\MiKTeX 2.9\tex\latex\colortbl\colortbl.sty"
Package: colortbl 2018/05/02 v1.0c Color table columns (DPC)

("C:\Program Files\MiKTeX 2.9\tex\latex\tools\array.sty"
Package: array 2018/04/30 v2.4h Tabular extension package (FMi)
\col@sep=\dimen121
\ar@mcellbox=\box30
\extrarowheight=\dimen122
\NC@list=\toks21
\extratabsurround=\skip75
\backup@length=\skip76
\ar@cellbox=\box31
)
\everycr=\toks22
\minrowclearance=\skip77
)
("C:\Program Files\MiKTeX 2.9\tex\latex\multirow\multirow.sty"
Package: multirow 2018/08/03 v2.3 Span multiple rows of a table
\multirow@colwidth=\skip78
\multirow@cntb=\count113
\multirow@dima=\skip79
\bigstrutjot=\dimen123
))
("C:\Program Files\MiKTeX 2.9\tex\latex\chapterfolder\chapterfolder.sty"
Package: chapterfolder 2005/11/24 v2.0 Package for dealing with folder
\c@@cf@currentpos=\count114
)
("C:\Program Files\MiKTeX 2.9\tex\latex\listings\listings.sty"
\lst@mode=\count115
\lst@gtempboxa=\box32
\lst@token=\toks23
\lst@length=\count116
\lst@currlwidth=\dimen124
\lst@column=\count117
\lst@pos=\count118
\lst@lostspace=\dimen125
\lst@width=\dimen126
\lst@newlines=\count119
\lst@lineno=\count120
\lst@maxwidth=\dimen127

("C:\Program Files\MiKTeX 2.9\tex\latex\listings\lstmisc.sty"
File: lstmisc.sty 2018/09/02 1.7 (Carsten Heinz)
\c@lstnumber=\count121
\lst@skipnumbers=\count122
\lst@framebox=\box33
)
("C:\Program Files\MiKTeX 2.9\tex\latex\listings\listings.cfg"
File: listings.cfg 2018/09/02 1.7 listings configuration
))
Package: listings 2018/09/02 1.7 (Carsten Heinz)
) (analisis.aux
LaTeX Info: Redefining \. on input line 23.
LaTeX Info: Redefining \% on input line 23.
)
\openout1 = `analisis.aux'.

LaTeX Font Info:    Checking defaults for OML/cmm/m/it on input line 13.
LaTeX Font Info:    ... okay on input line 13.
LaTeX Font Info:    Checking defaults for T1/cmr/m/n on input line 13.
LaTeX Font Info:    ... okay on input line 13.
LaTeX Font Info:    Checking defaults for OT1/cmr/m/n on input line 13.
LaTeX Font Info:    ... okay on input line 13.
LaTeX Font Info:    Checking defaults for OMS/cmsy/m/n on input line 13.
LaTeX Font Info:    ... okay on input line 13.
LaTeX Font Info:    Checking defaults for OMX/cmex/m/n on input line 13.
LaTeX Font Info:    ... okay on input line 13.
LaTeX Font Info:    Checking defaults for U/cmr/m/n on input line 13.
LaTeX Font Info:    ... okay on input line 13.
LaTeX Font Info:    Checking defaults for PD1/pdf/m/n on input line 13.
LaTeX Font Info:    ... okay on input line 13.
LaTeX Info: Redefining \. on input line 13.
LaTeX Info: Redefining \% on input line 13.
 ("C:\Program Files\MiKTeX 2.9\tex\context\base\supp-pdf.mkii"
[Loading MPS to PDF converter (version 2006.09.02).]
\scratchcounter=\count123
\scratchdimen=\dimen128
\scratchbox=\box34
\nofMPsegments=\count124
\nofMParguments=\count125
\everyMPshowfont=\toks24
\MPscratchCnt=\count126
\MPscratchDim=\dimen129
\MPnumerator=\count127
\makeMPintoPDFobject=\count128
\everyMPtoPDFconversion=\toks25
) ("C:\Program Files\MiKTeX 2.9\tex\latex\oberdiek\epstopdf-base.sty"
Package: epstopdf-base 2016/05/15 v2.6 Base part for package epstopdf

("C:\Program Files\MiKTeX 2.9\tex\latex\oberdiek\grfext.sty"
Package: grfext 2016/05/16 v1.2 Manage graphics extensions (HO)
)
Package epstopdf-base Info: Redefining graphics rule for `.eps' on input line 4
38.
Package grfext Info: Graphics extension search list:
(grfext)             [.pdf,.png,.jpg,.mps,.jpeg,.jbig2,.jb2,.PDF,.PNG,.JPG,.JPE
G,.JBIG2,.JB2,.eps]
(grfext)             \AppendGraphicsExtensions on input line 456.
)
\AtBeginShipoutBox=\box35

*geometry* driver: auto-detecting
*geometry* detected driver: pdftex
*geometry* verbose mode - [ preamble ] result:
* driver: pdftex
* paper: <default>
* layout: <same size as paper>
* layoutoffset:(h,v)=(0.0pt,0.0pt)
* modes: 
* h-part:(L,W,R)=(85.35826pt, 443.57848pt, 85.35826pt)
* v-part:(T,H,B)=(99.58464pt, 595.8007pt, 99.58464pt)
* \paperwidth=614.295pt
* \paperheight=794.96999pt
* \textwidth=470.0pt
* \textheight=630.0pt
* \oddsidemargin=13.08827pt
* \evensidemargin=30.0pt
* \topmargin=0.0pt
* \headheight=30.0pt
* \headsep=18.06749pt
* \topskip=10.0pt
* \footskip=25.29494pt
* \marginparwidth=0.0pt
* \marginparsep=7.0pt
* \columnsep=10.0pt
* \skip\footins=9.0pt plus 4.0pt minus 2.0pt
* \hoffset=-36.135pt
* \voffset=-36.135pt
* \mag=1000
* \@twocolumnfalse
* \@twosidefalse
* \@mparswitchfalse
* \@reversemarginfalse
* (1in=72.27pt=25.4mm, 1cm=28.453pt)

Package hyperref Info: Link coloring ON on input line 13.
("C:\Program Files\MiKTeX 2.9\tex\latex\hyperref\nameref.sty"
Package: nameref 2016/05/21 v2.44 Cross-referencing by name of section

("C:\Program Files\MiKTeX 2.9\tex\generic\oberdiek\gettitlestring.sty"
Package: gettitlestring 2016/05/16 v1.5 Cleanup title references (HO)
)
\c@section@level=\count129
)
LaTeX Info: Redefining \ref on input line 13.
LaTeX Info: Redefining \pageref on input line 13.
LaTeX Info: Redefining \nameref on input line 13.

(analisis.out) (analisis.out)
\@outlinefile=\write3
\openout3 = `analisis.out'.

\c@lstlisting=\count130
LaTeX Font Info:    Try loading font information for OML+cmbrm on input line 16
.

("C:\Program Files\MiKTeX 2.9\tex\latex\cmbright\omlcmbrm.fd"
File: omlcmbrm.fd 2005/04/13 v8.1 (WaS)
)
LaTeX Font Info:    Try loading font information for OMS+cmbrs on input line 16
.

("C:\Program Files\MiKTeX 2.9\tex\latex\cmbright\omscmbrs.fd"
File: omscmbrs.fd 2005/04/13 v8.1 (WaS)
)
Overfull \hbox (12.30547pt too wide) in paragraph at lines 16--16
 [][] 
 []

Package babel Info: Redefining spanish shorthand <<
(babel)             in language  on input line 16.
Package babel Info: Redefining spanish shorthand >>
(babel)             in language  on input line 16.
Package babel Info: Redefining spanish shorthand "=
(babel)             in language  on input line 16.
Package babel Info: Redefining spanish shorthand "~
(babel)             in language  on input line 16.
Package babel Info: Redefining spanish shorthand "!
(babel)             in language  on input line 16.
Package babel Info: Redefining spanish shorthand "?
(babel)             in language  on input line 16.
Package babel Info: Redefining spanish shorthand <<
(babel)             in language  on input line 16.
Package babel Info: Redefining spanish shorthand >>
(babel)             in language  on input line 16.
Package babel Info: Redefining spanish shorthand "=
(babel)             in language  on input line 16.
Package babel Info: Redefining spanish shorthand "~
(babel)             in language  on input line 16.
Package babel Info: Redefining spanish shorthand "!
(babel)             in language  on input line 16.
Package babel Info: Redefining spanish shorthand "?
(babel)             in language  on input line 16.
[1


{C:/Users/Marco/AppData/Local/MiKTeX/2.9/pdftex/config/pdftex.map}]
(analisis.toc
LaTeX Info: Redefining \. on input line 1.
LaTeX Info: Redefining \% on input line 1.
)
\tf@toc=\write4
\openout4 = `analisis.toc'.



LaTeX Font Warning: Font shape `OT1/cmbr/m/sc' undefined
(Font)              using `OT1/cmbr/m/n' instead on input line 21.


Package spanish Warning: Replacing `OT1/cmbr/m/sc' by 
(spanish)                faked small caps on input line 21.

Package babel Info: Redefining spanish shorthand <<
(babel)             in language  on input line 21.
Package babel Info: Redefining spanish shorthand >>
(babel)             in language  on input line 21.
Package babel Info: Redefining spanish shorthand "=
(babel)             in language  on input line 21.
Package babel Info: Redefining spanish shorthand "~
(babel)             in language  on input line 21.
Package babel Info: Redefining spanish shorthand "!
(babel)             in language  on input line 21.
Package babel Info: Redefining spanish shorthand "?
(babel)             in language  on input line 21.
Package babel Info: Redefining spanish shorthand <<
(babel)             in language  on input line 21.
Package babel Info: Redefining spanish shorthand >>
(babel)             in language  on input line 21.
Package babel Info: Redefining spanish shorthand "=
(babel)             in language  on input line 21.
Package babel Info: Redefining spanish shorthand "~
(babel)             in language  on input line 21.
Package babel Info: Redefining spanish shorthand "!
(babel)             in language  on input line 21.
Package babel Info: Redefining spanish shorthand "?
(babel)             in language  on input line 21.
[1


]
Cap\'{\i }tulo 1.
Package babel Info: Redefining spanish shorthand <<
(babel)             in language  on input line 27.
Package babel Info: Redefining spanish shorthand >>
(babel)             in language  on input line 27.
Package babel Info: Redefining spanish shorthand "=
(babel)             in language  on input line 27.
Package babel Info: Redefining spanish shorthand "~
(babel)             in language  on input line 27.
Package babel Info: Redefining spanish shorthand "!
(babel)             in language  on input line 27.
Package babel Info: Redefining spanish shorthand "?
(babel)             in language  on input line 27.
(introduccion/introduccion.tex
LaTeX Font Info:    Try loading font information for OMS+cmbr on input line 11.


("C:\Program Files\MiKTeX 2.9\tex\latex\cmbright\omscmbr.fd"
File: omscmbr.fd 2005/04/13 v8.1 (WaS)
)
LaTeX Font Info:    Font shape `OMS/cmbr/m/n' in size <10> not available
(Font)              Font shape `OMS/cmbrs/m/n' tried instead on input line 11.
)
Package babel Info: Redefining spanish shorthand <<
(babel)             in language  on input line 34.
Package babel Info: Redefining spanish shorthand >>
(babel)             in language  on input line 34.
Package babel Info: Redefining spanish shorthand "=
(babel)             in language  on input line 34.
Package babel Info: Redefining spanish shorthand "~
(babel)             in language  on input line 34.
Package babel Info: Redefining spanish shorthand "!
(babel)             in language  on input line 34.
Package babel Info: Redefining spanish shorthand "?
(babel)             in language  on input line 34.
Package babel Info: Redefining spanish shorthand <<
(babel)             in language  on input line 34.
Package babel Info: Redefining spanish shorthand >>
(babel)             in language  on input line 34.
Package babel Info: Redefining spanish shorthand "=
(babel)             in language  on input line 34.
Package babel Info: Redefining spanish shorthand "~
(babel)             in language  on input line 34.
Package babel Info: Redefining spanish shorthand "!
(babel)             in language  on input line 34.
Package babel Info: Redefining spanish shorthand "?
(babel)             in language  on input line 34.
pdfTeX warning (ext4): destination with the same identifier (name{page.1}) has 
been already used, duplicate ignored
<to be read again> 
                   \relax 
l.34 \chapter
             {Marco teórico} [1


]
Cap\'{\i }tulo 2.
Package babel Info: Redefining spanish shorthand <<
(babel)             in language  on input line 34.
Package babel Info: Redefining spanish shorthand >>
(babel)             in language  on input line 34.
Package babel Info: Redefining spanish shorthand "=
(babel)             in language  on input line 34.
Package babel Info: Redefining spanish shorthand "~
(babel)             in language  on input line 34.
Package babel Info: Redefining spanish shorthand "!
(babel)             in language  on input line 34.
Package babel Info: Redefining spanish shorthand "?
(babel)             in language  on input line 34.
(marcoTeorico/marcoTeorico.tex
Package babel Info: Redefining spanish shorthand <<
(babel)             in language  on input line 6.
Package babel Info: Redefining spanish shorthand >>
(babel)             in language  on input line 6.
Package babel Info: Redefining spanish shorthand "=
(babel)             in language  on input line 6.
Package babel Info: Redefining spanish shorthand "~
(babel)             in language  on input line 6.
Package babel Info: Redefining spanish shorthand "!
(babel)             in language  on input line 6.
Package babel Info: Redefining spanish shorthand "?
(babel)             in language  on input line 6.
Package babel Info: Redefining spanish shorthand <<
(babel)             in language  on input line 12.
Package babel Info: Redefining spanish shorthand >>
(babel)             in language  on input line 12.
Package babel Info: Redefining spanish shorthand "=
(babel)             in language  on input line 12.
Package babel Info: Redefining spanish shorthand "~
(babel)             in language  on input line 12.
Package babel Info: Redefining spanish shorthand "!
(babel)             in language  on input line 12.
Package babel Info: Redefining spanish shorthand "?
(babel)             in language  on input line 12.
Package babel Info: Redefining spanish shorthand <<
(babel)             in language  on input line 25.
Package babel Info: Redefining spanish shorthand >>
(babel)             in language  on input line 25.
Package babel Info: Redefining spanish shorthand "=
(babel)             in language  on input line 25.
Package babel Info: Redefining spanish shorthand "~
(babel)             in language  on input line 25.
Package babel Info: Redefining spanish shorthand "!
(babel)             in language  on input line 25.
Package babel Info: Redefining spanish shorthand "?
(babel)             in language  on input line 25.
Package babel Info: Redefining spanish shorthand <<
(babel)             in language  on input line 25.
Package babel Info: Redefining spanish shorthand >>
(babel)             in language  on input line 25.
Package babel Info: Redefining spanish shorthand "=
(babel)             in language  on input line 25.
Package babel Info: Redefining spanish shorthand "~
(babel)             in language  on input line 25.
Package babel Info: Redefining spanish shorthand "!
(babel)             in language  on input line 25.
Package babel Info: Redefining spanish shorthand "?
(babel)             in language  on input line 25.
 [2

]
Package babel Info: Redefining spanish shorthand <<
(babel)             in language  on input line 28.
Package babel Info: Redefining spanish shorthand >>
(babel)             in language  on input line 28.
Package babel Info: Redefining spanish shorthand "=
(babel)             in language  on input line 28.
Package babel Info: Redefining spanish shorthand "~
(babel)             in language  on input line 28.
Package babel Info: Redefining spanish shorthand "!
(babel)             in language  on input line 28.
Package babel Info: Redefining spanish shorthand "?
(babel)             in language  on input line 28.

Underfull \hbox (badness 10000) in paragraph at lines 30--42

 []


Underfull \hbox (badness 10000) in paragraph at lines 30--42

 []

Package babel Info: Redefining spanish shorthand <<
(babel)             in language  on input line 43.
Package babel Info: Redefining spanish shorthand >>
(babel)             in language  on input line 43.
Package babel Info: Redefining spanish shorthand "=
(babel)             in language  on input line 43.
Package babel Info: Redefining spanish shorthand "~
(babel)             in language  on input line 43.
Package babel Info: Redefining spanish shorthand "!
(babel)             in language  on input line 43.
Package babel Info: Redefining spanish shorthand "?
(babel)             in language  on input line 43.

Underfull \hbox (badness 10000) in paragraph at lines 45--53

 []

<images/headerInp.png, id=132, 1858.945pt x 358.33875pt>
File: images/headerInp.png Graphic file (type png)
<use images/headerInp.png>
Package pdftex.def Info: images/headerInp.png  used on input line 67.
(pdftex.def)             Requested size: 181.56552pt x 35.0pt.

Package Fancyhdr Warning: \headheight is too small (30.0pt): 
 Make it at least 38.75003pt.
 We now make it that large for the rest of the document.
 This may cause the page layout to be inconsistent, however.

LaTeX Font Info:    Font shape `OT1/cmbr/m/it' in size <5> not available
(Font)              Font shape `OT1/cmbr/m/sl' tried instead on input line 67.
LaTeX Font Info:    Try loading font information for U+mvs on input line 67.
("C:\Program Files\MiKTeX 2.9\tex\latex\marvosym\umvs.fd")
Package babel Info: Redefining spanish shorthand <<
(babel)             in language  on input line 67.
Package babel Info: Redefining spanish shorthand >>
(babel)             in language  on input line 67.
Package babel Info: Redefining spanish shorthand "=
(babel)             in language  on input line 67.
Package babel Info: Redefining spanish shorthand "~
(babel)             in language  on input line 67.
Package babel Info: Redefining spanish shorthand "!
(babel)             in language  on input line 67.
Package babel Info: Redefining spanish shorthand "?
(babel)             in language  on input line 67.
Package babel Info: Redefining spanish shorthand <<
(babel)             in language  on input line 67.
Package babel Info: Redefining spanish shorthand >>
(babel)             in language  on input line 67.
Package babel Info: Redefining spanish shorthand "=
(babel)             in language  on input line 67.
Package babel Info: Redefining spanish shorthand "~
(babel)             in language  on input line 67.
Package babel Info: Redefining spanish shorthand "!
(babel)             in language  on input line 67.
Package babel Info: Redefining spanish shorthand "?
(babel)             in language  on input line 67.
 [3 <./images/headerInp.png>]
Underfull \hbox (badness 10000) in paragraph at lines 94--103

 []

)
File: images/headerInp.png Graphic file (type png)
<use images/headerInp.png>
Package pdftex.def Info: images/headerInp.png  used on input line 41.
(pdftex.def)             Requested size: 181.56552pt x 35.0pt.


Package Fancyhdr Warning: \headheight is too small (30.0pt): 
 Make it at least 38.75003pt.
 We now make it that large for the rest of the document.
 This may cause the page layout to be inconsistent, however.

Package babel Info: Redefining spanish shorthand <<
(babel)             in language  on input line 41.
Package babel Info: Redefining spanish shorthand >>
(babel)             in language  on input line 41.
Package babel Info: Redefining spanish shorthand "=
(babel)             in language  on input line 41.
Package babel Info: Redefining spanish shorthand "~
(babel)             in language  on input line 41.
Package babel Info: Redefining spanish shorthand "!
(babel)             in language  on input line 41.
Package babel Info: Redefining spanish shorthand "?
(babel)             in language  on input line 41.
Package babel Info: Redefining spanish shorthand <<
(babel)             in language  on input line 41.
Package babel Info: Redefining spanish shorthand >>
(babel)             in language  on input line 41.
Package babel Info: Redefining spanish shorthand "=
(babel)             in language  on input line 41.
Package babel Info: Redefining spanish shorthand "~
(babel)             in language  on input line 41.
Package babel Info: Redefining spanish shorthand "!
(babel)             in language  on input line 41.
Package babel Info: Redefining spanish shorthand "?
(babel)             in language  on input line 41.
[4]
Cap\'{\i }tulo 3.
Package babel Info: Redefining spanish shorthand <<
(babel)             in language  on input line 41.
Package babel Info: Redefining spanish shorthand >>
(babel)             in language  on input line 41.
Package babel Info: Redefining spanish shorthand "=
(babel)             in language  on input line 41.
Package babel Info: Redefining spanish shorthand "~
(babel)             in language  on input line 41.
Package babel Info: Redefining spanish shorthand "!
(babel)             in language  on input line 41.
Package babel Info: Redefining spanish shorthand "?
(babel)             in language  on input line 41.
Package babel Info: Redefining spanish shorthand <<
(babel)             in language  on input line 44.
Package babel Info: Redefining spanish shorthand >>
(babel)             in language  on input line 44.
Package babel Info: Redefining spanish shorthand "=
(babel)             in language  on input line 44.
Package babel Info: Redefining spanish shorthand "~
(babel)             in language  on input line 44.
Package babel Info: Redefining spanish shorthand "!
(babel)             in language  on input line 44.
Package babel Info: Redefining spanish shorthand "?
(babel)             in language  on input line 44.
(desarrollo/tarea1/tarea1.tex)
Package babel Info: Redefining spanish shorthand <<
(babel)             in language  on input line 48.
Package babel Info: Redefining spanish shorthand >>
(babel)             in language  on input line 48.
Package babel Info: Redefining spanish shorthand "=
(babel)             in language  on input line 48.
Package babel Info: Redefining spanish shorthand "~
(babel)             in language  on input line 48.
Package babel Info: Redefining spanish shorthand "!
(babel)             in language  on input line 48.
Package babel Info: Redefining spanish shorthand "?
(babel)             in language  on input line 48.
Package babel Info: Redefining spanish shorthand <<
(babel)             in language  on input line 50.
Package babel Info: Redefining spanish shorthand >>
(babel)             in language  on input line 50.
Package babel Info: Redefining spanish shorthand "=
(babel)             in language  on input line 50.
Package babel Info: Redefining spanish shorthand "~
(babel)             in language  on input line 50.
Package babel Info: Redefining spanish shorthand "!
(babel)             in language  on input line 50.
Package babel Info: Redefining spanish shorthand "?
(babel)             in language  on input line 50.
 (desarrollo/tarea2/correoElectronico.tex
<desarrollo/tarea2/img/instalacionSMTP.png, id=148, 529.98pt x 73.27374pt>
File: desarrollo/tarea2/img/instalacionSMTP.png Graphic file (type png)
<use desarrollo/tarea2/img/instalacionSMTP.png>
Package pdftex.def Info: desarrollo/tarea2/img/instalacionSMTP.png  used on inp
ut line 8.
(pdftex.def)             Requested size: 328.99857pt x 45.48737pt.
<desarrollo/tarea2/img/reiniciarSMTP.png, id=149, 522.95375pt x 18.0675pt>
File: desarrollo/tarea2/img/reiniciarSMTP.png Graphic file (type png)
<use desarrollo/tarea2/img/reiniciarSMTP.png>
Package pdftex.def Info: desarrollo/tarea2/img/reiniciarSMTP.png  used on input
 line 17.
(pdftex.def)             Requested size: 328.99857pt x 11.36685pt.
)
Package babel Info: Redefining spanish shorthand <<
(babel)             in language  on input line 52.
Package babel Info: Redefining spanish shorthand >>
(babel)             in language  on input line 52.
Package babel Info: Redefining spanish shorthand "=
(babel)             in language  on input line 52.
Package babel Info: Redefining spanish shorthand "~
(babel)             in language  on input line 52.
Package babel Info: Redefining spanish shorthand "!
(babel)             in language  on input line 52.
Package babel Info: Redefining spanish shorthand "?
(babel)             in language  on input line 52.
Package babel Info: Redefining spanish shorthand <<
(babel)             in language  on input line 52.
Package babel Info: Redefining spanish shorthand >>
(babel)             in language  on input line 52.
Package babel Info: Redefining spanish shorthand "=
(babel)             in language  on input line 52.
Package babel Info: Redefining spanish shorthand "~
(babel)             in language  on input line 52.
Package babel Info: Redefining spanish shorthand "!
(babel)             in language  on input line 52.
Package babel Info: Redefining spanish shorthand "?
(babel)             in language  on input line 52.

[5

 <./desarrollo/tarea2/img/instalacionSMTP.png>]
Package babel Info: Redefining spanish shorthand <<
(babel)             in language  on input line 53.
Package babel Info: Redefining spanish shorthand >>
(babel)             in language  on input line 53.
Package babel Info: Redefining spanish shorthand "=
(babel)             in language  on input line 53.
Package babel Info: Redefining spanish shorthand "~
(babel)             in language  on input line 53.
Package babel Info: Redefining spanish shorthand "!
(babel)             in language  on input line 53.
Package babel Info: Redefining spanish shorthand "?
(babel)             in language  on input line 53.

(desarrollo/tarea2/servidoresWeb.tex
<desarrollo/tarea2/img/instalacionHTTP.png, id=159, 719.68875pt x 299.1175pt>
File: desarrollo/tarea2/img/instalacionHTTP.png Graphic file (type png)
<use desarrollo/tarea2/img/instalacionHTTP.png>
Package pdftex.def Info: desarrollo/tarea2/img/instalacionHTTP.png  used on inp
ut line 8.
(pdftex.def)             Requested size: 328.99857pt x 136.74222pt.
<desarrollo/tarea2/img/sensorHTTP.png, id=160, 700.6175pt x 159.59625pt>
File: desarrollo/tarea2/img/sensorHTTP.png Graphic file (type png)
<use desarrollo/tarea2/img/sensorHTTP.png>
Package pdftex.def Info: desarrollo/tarea2/img/sensorHTTP.png  used on input li
ne 18.
(pdftex.def)             Requested size: 328.99857pt x 74.94447pt.
<desarrollo/tarea2/img/outputHTTP.png, id=161, 712.6625pt x 200.75pt>
File: desarrollo/tarea2/img/outputHTTP.png Graphic file (type png)
<use desarrollo/tarea2/img/outputHTTP.png>
Package pdftex.def Info: desarrollo/tarea2/img/outputHTTP.png  used on input li
ne 27.
(pdftex.def)             Requested size: 328.99857pt x 92.67387pt.
)
File: images/headerInp.png Graphic file (type png)
<use images/headerInp.png>
Package pdftex.def Info: images/headerInp.png  used on input line 55.
(pdftex.def)             Requested size: 181.56552pt x 35.0pt.


Package Fancyhdr Warning: \headheight is too small (30.0pt): 
 Make it at least 38.75003pt.
 We now make it that large for the rest of the document.
 This may cause the page layout to be inconsistent, however.

Package babel Info: Redefining spanish shorthand <<
(babel)             in language  on input line 55.
Package babel Info: Redefining spanish shorthand >>
(babel)             in language  on input line 55.
Package babel Info: Redefining spanish shorthand "=
(babel)             in language  on input line 55.
Package babel Info: Redefining spanish shorthand "~
(babel)             in language  on input line 55.
Package babel Info: Redefining spanish shorthand "!
(babel)             in language  on input line 55.
Package babel Info: Redefining spanish shorthand "?
(babel)             in language  on input line 55.
Package babel Info: Redefining spanish shorthand <<
(babel)             in language  on input line 55.
Package babel Info: Redefining spanish shorthand >>
(babel)             in language  on input line 55.
Package babel Info: Redefining spanish shorthand "=
(babel)             in language  on input line 55.
Package babel Info: Redefining spanish shorthand "~
(babel)             in language  on input line 55.
Package babel Info: Redefining spanish shorthand "!
(babel)             in language  on input line 55.
Package babel Info: Redefining spanish shorthand "?
(babel)             in language  on input line 55.
[6 <./desarrollo/tarea2/img/reiniciarSMTP.png> <./desarrollo/tarea2/img/instala
cionHTTP.png> <./desarrollo/tarea2/img/sensorHTTP.png (PNG copy)>]
Package babel Info: Redefining spanish shorthand <<
(babel)             in language  on input line 56.
Package babel Info: Redefining spanish shorthand >>
(babel)             in language  on input line 56.
Package babel Info: Redefining spanish shorthand "=
(babel)             in language  on input line 56.
Package babel Info: Redefining spanish shorthand "~
(babel)             in language  on input line 56.
Package babel Info: Redefining spanish shorthand "!
(babel)             in language  on input line 56.
Package babel Info: Redefining spanish shorthand "?
(babel)             in language  on input line 56.

(desarrollo/tarea2/servidoresArchivos.tex
<desarrollo/tarea2/img/instalacionFTP.png, id=174, 540.0175pt x 125.46875pt>
File: desarrollo/tarea2/img/instalacionFTP.png Graphic file (type png)
<use desarrollo/tarea2/img/instalacionFTP.png>
Package pdftex.def Info: desarrollo/tarea2/img/instalacionFTP.png  used on inpu
t line 8.
(pdftex.def)             Requested size: 328.99857pt x 76.442pt.
<desarrollo/tarea2/img/modificarFTP.png, id=175, 553.06625pt x 219.82124pt>
File: desarrollo/tarea2/img/modificarFTP.png Graphic file (type png)
<use desarrollo/tarea2/img/modificarFTP.png>
Package pdftex.def Info: desarrollo/tarea2/img/modificarFTP.png  used on input 
line 17.
(pdftex.def)             Requested size: 328.99857pt x 130.76338pt.
<desarrollo/tarea2/img/servicioFTP.png, id=176, 723.70375pt x 105.39375pt>
File: desarrollo/tarea2/img/servicioFTP.png Graphic file (type png)
<use desarrollo/tarea2/img/servicioFTP.png>
Package pdftex.def Info: desarrollo/tarea2/img/servicioFTP.png  used on input l
ine 26.
(pdftex.def)             Requested size: 328.99857pt x 47.9124pt.
File: images/headerInp.png Graphic file (type png)
<use images/headerInp.png>
Package pdftex.def Info: images/headerInp.png  used on input line 31.
(pdftex.def)             Requested size: 181.56552pt x 35.0pt.


Package Fancyhdr Warning: \headheight is too small (30.0pt): 
 Make it at least 38.75003pt.
 We now make it that large for the rest of the document.
 This may cause the page layout to be inconsistent, however.

Package babel Info: Redefining spanish shorthand <<
(babel)             in language  on input line 31.
Package babel Info: Redefining spanish shorthand >>
(babel)             in language  on input line 31.
Package babel Info: Redefining spanish shorthand "=
(babel)             in language  on input line 31.
Package babel Info: Redefining spanish shorthand "~
(babel)             in language  on input line 31.
Package babel Info: Redefining spanish shorthand "!
(babel)             in language  on input line 31.
Package babel Info: Redefining spanish shorthand "?
(babel)             in language  on input line 31.
Package babel Info: Redefining spanish shorthand <<
(babel)             in language  on input line 31.
Package babel Info: Redefining spanish shorthand >>
(babel)             in language  on input line 31.
Package babel Info: Redefining spanish shorthand "=
(babel)             in language  on input line 31.
Package babel Info: Redefining spanish shorthand "~
(babel)             in language  on input line 31.
Package babel Info: Redefining spanish shorthand "!
(babel)             in language  on input line 31.
Package babel Info: Redefining spanish shorthand "?
(babel)             in language  on input line 31.
[7 <./desarrollo/tarea2/img/outputHTTP.png (PNG copy)> <./desarrollo/tarea2/img
/instalacionFTP.png (PNG copy)>]
File: images/headerInp.png Graphic file (type png)
<use images/headerInp.png>
Package pdftex.def Info: images/headerInp.png  used on input line 31.
(pdftex.def)             Requested size: 181.56552pt x 35.0pt.


Package Fancyhdr Warning: \headheight is too small (30.0pt): 
 Make it at least 38.75003pt.
 We now make it that large for the rest of the document.
 This may cause the page layout to be inconsistent, however.

Package babel Info: Redefining spanish shorthand <<
(babel)             in language  on input line 31.
Package babel Info: Redefining spanish shorthand >>
(babel)             in language  on input line 31.
Package babel Info: Redefining spanish shorthand "=
(babel)             in language  on input line 31.
Package babel Info: Redefining spanish shorthand "~
(babel)             in language  on input line 31.
Package babel Info: Redefining spanish shorthand "!
(babel)             in language  on input line 31.
Package babel Info: Redefining spanish shorthand "?
(babel)             in language  on input line 31.
Package babel Info: Redefining spanish shorthand <<
(babel)             in language  on input line 31.
Package babel Info: Redefining spanish shorthand >>
(babel)             in language  on input line 31.
Package babel Info: Redefining spanish shorthand "=
(babel)             in language  on input line 31.
Package babel Info: Redefining spanish shorthand "~
(babel)             in language  on input line 31.
Package babel Info: Redefining spanish shorthand "!
(babel)             in language  on input line 31.
Package babel Info: Redefining spanish shorthand "?
(babel)             in language  on input line 31.
[8 <./desarrollo/tarea2/img/modificarFTP.png>]
<desarrollo/tarea2/img/sensorFTP.png, id=192, 812.03375pt x 245.91875pt>
File: desarrollo/tarea2/img/sensorFTP.png Graphic file (type png)
<use desarrollo/tarea2/img/sensorFTP.png>
Package pdftex.def Info: desarrollo/tarea2/img/sensorFTP.png  used on input lin
e 36.
(pdftex.def)             Requested size: 328.99857pt x 99.63406pt.
File: images/headerInp.png Graphic file (type png)
<use images/headerInp.png>
Package pdftex.def Info: images/headerInp.png  used on input line 45.
(pdftex.def)             Requested size: 181.56552pt x 35.0pt.


Package Fancyhdr Warning: \headheight is too small (30.0pt): 
 Make it at least 38.75003pt.
 We now make it that large for the rest of the document.
 This may cause the page layout to be inconsistent, however.

Package babel Info: Redefining spanish shorthand <<
(babel)             in language  on input line 45.
Package babel Info: Redefining spanish shorthand >>
(babel)             in language  on input line 45.
Package babel Info: Redefining spanish shorthand "=
(babel)             in language  on input line 45.
Package babel Info: Redefining spanish shorthand "~
(babel)             in language  on input line 45.
Package babel Info: Redefining spanish shorthand "!
(babel)             in language  on input line 45.
Package babel Info: Redefining spanish shorthand "?
(babel)             in language  on input line 45.
Package babel Info: Redefining spanish shorthand <<
(babel)             in language  on input line 45.
Package babel Info: Redefining spanish shorthand >>
(babel)             in language  on input line 45.
Package babel Info: Redefining spanish shorthand "=
(babel)             in language  on input line 45.
Package babel Info: Redefining spanish shorthand "~
(babel)             in language  on input line 45.
Package babel Info: Redefining spanish shorthand "!
(babel)             in language  on input line 45.
Package babel Info: Redefining spanish shorthand "?
(babel)             in language  on input line 45.
[9 <./desarrollo/tarea2/img/servicioFTP.png> <./desarrollo/tarea2/img/sensorFTP
.png (PNG copy)>]
<desarrollo/tarea2/img/outputFTP.png, id=202, 300.12125pt x 147.55125pt>
File: desarrollo/tarea2/img/outputFTP.png Graphic file (type png)
<use desarrollo/tarea2/img/outputFTP.png>
Package pdftex.def Info: desarrollo/tarea2/img/outputFTP.png  used on input lin
e 48.
(pdftex.def)             Requested size: 328.99857pt x 161.76201pt.
)
Package babel Info: Redefining spanish shorthand <<
(babel)             in language  on input line 59.
Package babel Info: Redefining spanish shorthand >>
(babel)             in language  on input line 59.
Package babel Info: Redefining spanish shorthand "=
(babel)             in language  on input line 59.
Package babel Info: Redefining spanish shorthand "~
(babel)             in language  on input line 59.
Package babel Info: Redefining spanish shorthand "!
(babel)             in language  on input line 59.
Package babel Info: Redefining spanish shorthand "?
(babel)             in language  on input line 59.
 (desarrollo/tarea2/impresoras.tex
<desarrollo/tarea2/img/instalacionCUPS.png, id=203, 463.7325pt x 72.27pt>
File: desarrollo/tarea2/img/instalacionCUPS.png Graphic file (type png)
<use desarrollo/tarea2/img/instalacionCUPS.png>
Package pdftex.def Info: desarrollo/tarea2/img/instalacionCUPS.png  used on inp
ut line 8.
(pdftex.def)             Requested size: 328.99857pt x 51.27344pt.
<desarrollo/tarea2/img/respaldoCUPS.png, id=204, 724.7075pt x 34.1275pt>
File: desarrollo/tarea2/img/respaldoCUPS.png Graphic file (type png)
<use desarrollo/tarea2/img/respaldoCUPS.png>
Package pdftex.def Info: desarrollo/tarea2/img/respaldoCUPS.png  used on input 
line 17.
(pdftex.def)             Requested size: 328.99857pt x 15.49313pt.
<desarrollo/tarea2/img/configCUPS.png, id=205, 479.7925pt x 83.31125pt>
File: desarrollo/tarea2/img/configCUPS.png Graphic file (type png)
<use desarrollo/tarea2/img/configCUPS.png>
Package pdftex.def Info: desarrollo/tarea2/img/configCUPS.png  used on input li
ne 26.
(pdftex.def)             Requested size: 328.99857pt x 57.1276pt.
<desarrollo/tarea2/img/reinicioCUPS.png, id=206, 447.6725pt x 22.0825pt>
File: desarrollo/tarea2/img/reinicioCUPS.png Graphic file (type png)
<use desarrollo/tarea2/img/reinicioCUPS.png>
Package pdftex.def Info: desarrollo/tarea2/img/reinicioCUPS.png  used on input 
line 35.
(pdftex.def)             Requested size: 328.99857pt x 16.22891pt.
)
File: images/headerInp.png Graphic file (type png)
<use images/headerInp.png>
Package pdftex.def Info: images/headerInp.png  used on input line 61.
(pdftex.def)             Requested size: 181.56552pt x 35.0pt.


Package Fancyhdr Warning: \headheight is too small (30.0pt): 
 Make it at least 38.75003pt.
 We now make it that large for the rest of the document.
 This may cause the page layout to be inconsistent, however.

Package babel Info: Redefining spanish shorthand <<
(babel)             in language  on input line 61.
Package babel Info: Redefining spanish shorthand >>
(babel)             in language  on input line 61.
Package babel Info: Redefining spanish shorthand "=
(babel)             in language  on input line 61.
Package babel Info: Redefining spanish shorthand "~
(babel)             in language  on input line 61.
Package babel Info: Redefining spanish shorthand "!
(babel)             in language  on input line 61.
Package babel Info: Redefining spanish shorthand "?
(babel)             in language  on input line 61.
Package babel Info: Redefining spanish shorthand <<
(babel)             in language  on input line 61.
Package babel Info: Redefining spanish shorthand >>
(babel)             in language  on input line 61.
Package babel Info: Redefining spanish shorthand "=
(babel)             in language  on input line 61.
Package babel Info: Redefining spanish shorthand "~
(babel)             in language  on input line 61.
Package babel Info: Redefining spanish shorthand "!
(babel)             in language  on input line 61.
Package babel Info: Redefining spanish shorthand "?
(babel)             in language  on input line 61.
[10 <./desarrollo/tarea2/img/outputFTP.png (PNG copy)> <./desarrollo/tarea2/img
/instalacionCUPS.png>]
File: images/headerInp.png Graphic file (type png)
<use images/headerInp.png>
Package pdftex.def Info: images/headerInp.png  used on input line 61.
(pdftex.def)             Requested size: 181.56552pt x 35.0pt.


Package Fancyhdr Warning: \headheight is too small (30.0pt): 
 Make it at least 38.75003pt.
 We now make it that large for the rest of the document.
 This may cause the page layout to be inconsistent, however.

Package babel Info: Redefining spanish shorthand <<
(babel)             in language  on input line 61.
Package babel Info: Redefining spanish shorthand >>
(babel)             in language  on input line 61.
Package babel Info: Redefining spanish shorthand "=
(babel)             in language  on input line 61.
Package babel Info: Redefining spanish shorthand "~
(babel)             in language  on input line 61.
Package babel Info: Redefining spanish shorthand "!
(babel)             in language  on input line 61.
Package babel Info: Redefining spanish shorthand "?
(babel)             in language  on input line 61.
Package babel Info: Redefining spanish shorthand <<
(babel)             in language  on input line 61.
Package babel Info: Redefining spanish shorthand >>
(babel)             in language  on input line 61.
Package babel Info: Redefining spanish shorthand "=
(babel)             in language  on input line 61.
Package babel Info: Redefining spanish shorthand "~
(babel)             in language  on input line 61.
Package babel Info: Redefining spanish shorthand "!
(babel)             in language  on input line 61.
Package babel Info: Redefining spanish shorthand "?
(babel)             in language  on input line 61.
[11 <./desarrollo/tarea2/img/respaldoCUPS.png>]
File: images/headerInp.png Graphic file (type png)
<use images/headerInp.png>
Package pdftex.def Info: images/headerInp.png  used on input line 61.
(pdftex.def)             Requested size: 181.56552pt x 35.0pt.


Package Fancyhdr Warning: \headheight is too small (30.0pt): 
 Make it at least 38.75003pt.
 We now make it that large for the rest of the document.
 This may cause the page layout to be inconsistent, however.

Package babel Info: Redefining spanish shorthand <<
(babel)             in language  on input line 61.
Package babel Info: Redefining spanish shorthand >>
(babel)             in language  on input line 61.
Package babel Info: Redefining spanish shorthand "=
(babel)             in language  on input line 61.
Package babel Info: Redefining spanish shorthand "~
(babel)             in language  on input line 61.
Package babel Info: Redefining spanish shorthand "!
(babel)             in language  on input line 61.
Package babel Info: Redefining spanish shorthand "?
(babel)             in language  on input line 61.
Package babel Info: Redefining spanish shorthand <<
(babel)             in language  on input line 61.
Package babel Info: Redefining spanish shorthand >>
(babel)             in language  on input line 61.
Package babel Info: Redefining spanish shorthand "=
(babel)             in language  on input line 61.
Package babel Info: Redefining spanish shorthand "~
(babel)             in language  on input line 61.
Package babel Info: Redefining spanish shorthand "!
(babel)             in language  on input line 61.
Package babel Info: Redefining spanish shorthand "?
(babel)             in language  on input line 61.
[12 <./desarrollo/tarea2/img/configCUPS.png>]
Package babel Info: Redefining spanish shorthand <<
(babel)             in language  on input line 62.
Package babel Info: Redefining spanish shorthand >>
(babel)             in language  on input line 62.
Package babel Info: Redefining spanish shorthand "=
(babel)             in language  on input line 62.
Package babel Info: Redefining spanish shorthand "~
(babel)             in language  on input line 62.
Package babel Info: Redefining spanish shorthand "!
(babel)             in language  on input line 62.
Package babel Info: Redefining spanish shorthand "?
(babel)             in language  on input line 62.

(desarrollo/tarea2/accesoRemoto.tex
<desarrollo/tarea2/img/instalacionSSH.png, id=229, 557.08125pt x 16.06pt>
File: desarrollo/tarea2/img/instalacionSSH.png Graphic file (type png)
<use desarrollo/tarea2/img/instalacionSSH.png>
Package pdftex.def Info: desarrollo/tarea2/img/instalacionSSH.png  used on inpu
t line 8.
(pdftex.def)             Requested size: 328.99857pt x 9.48486pt.
<desarrollo/tarea2/img/reinicioSSH.png, id=230, 441.65pt x 18.0675pt>
File: desarrollo/tarea2/img/reinicioSSH.png Graphic file (type png)
<use desarrollo/tarea2/img/reinicioSSH.png>
Package pdftex.def Info: desarrollo/tarea2/img/reinicioSSH.png  used on input l
ine 17.
(pdftex.def)             Requested size: 328.99857pt x 13.4596pt.
)
File: images/headerInp.png Graphic file (type png)
<use images/headerInp.png>
Package pdftex.def Info: images/headerInp.png  used on input line 64.
(pdftex.def)             Requested size: 181.56552pt x 35.0pt.


Package Fancyhdr Warning: \headheight is too small (30.0pt): 
 Make it at least 38.75003pt.
 We now make it that large for the rest of the document.
 This may cause the page layout to be inconsistent, however.

Package babel Info: Redefining spanish shorthand <<
(babel)             in language  on input line 64.
Package babel Info: Redefining spanish shorthand >>
(babel)             in language  on input line 64.
Package babel Info: Redefining spanish shorthand "=
(babel)             in language  on input line 64.
Package babel Info: Redefining spanish shorthand "~
(babel)             in language  on input line 64.
Package babel Info: Redefining spanish shorthand "!
(babel)             in language  on input line 64.
Package babel Info: Redefining spanish shorthand "?
(babel)             in language  on input line 64.
Package babel Info: Redefining spanish shorthand <<
(babel)             in language  on input line 64.
Package babel Info: Redefining spanish shorthand >>
(babel)             in language  on input line 64.
Package babel Info: Redefining spanish shorthand "=
(babel)             in language  on input line 64.
Package babel Info: Redefining spanish shorthand "~
(babel)             in language  on input line 64.
Package babel Info: Redefining spanish shorthand "!
(babel)             in language  on input line 64.
Package babel Info: Redefining spanish shorthand "?
(babel)             in language  on input line 64.
[13 <./desarrollo/tarea2/img/reinicioCUPS.png> <./desarrollo/tarea2/img/instala
cionSSH.png>]
Package babel Info: Redefining spanish shorthand <<
(babel)             in language  on input line 66.
Package babel Info: Redefining spanish shorthand >>
(babel)             in language  on input line 66.
Package babel Info: Redefining spanish shorthand "=
(babel)             in language  on input line 66.
Package babel Info: Redefining spanish shorthand "~
(babel)             in language  on input line 66.
Package babel Info: Redefining spanish shorthand "!
(babel)             in language  on input line 66.
Package babel Info: Redefining spanish shorthand "?
(babel)             in language  on input line 66.
 (desarrollo/tarea3/tarea3.tex
File: images/headerInp.png Graphic file (type png)
<use images/headerInp.png>
Package pdftex.def Info: images/headerInp.png  used on input line 6.
(pdftex.def)             Requested size: 181.56552pt x 35.0pt.


Package Fancyhdr Warning: \headheight is too small (30.0pt): 
 Make it at least 38.75003pt.
 We now make it that large for the rest of the document.
 This may cause the page layout to be inconsistent, however.

Package babel Info: Redefining spanish shorthand <<
(babel)             in language  on input line 6.
Package babel Info: Redefining spanish shorthand >>
(babel)             in language  on input line 6.
Package babel Info: Redefining spanish shorthand "=
(babel)             in language  on input line 6.
Package babel Info: Redefining spanish shorthand "~
(babel)             in language  on input line 6.
Package babel Info: Redefining spanish shorthand "!
(babel)             in language  on input line 6.
Package babel Info: Redefining spanish shorthand "?
(babel)             in language  on input line 6.
Package babel Info: Redefining spanish shorthand <<
(babel)             in language  on input line 6.
Package babel Info: Redefining spanish shorthand >>
(babel)             in language  on input line 6.
Package babel Info: Redefining spanish shorthand "=
(babel)             in language  on input line 6.
Package babel Info: Redefining spanish shorthand "~
(babel)             in language  on input line 6.
Package babel Info: Redefining spanish shorthand "!
(babel)             in language  on input line 6.
Package babel Info: Redefining spanish shorthand "?
(babel)             in language  on input line 6.
[14 <./desarrollo/tarea2/img/reinicioSSH.png>]
<desarrollo/tarea3/imagenes/imagen1.png, id=246, 385.44pt x 337.26pt>
File: desarrollo/tarea3/imagenes/imagen1.png Graphic file (type png)
<use desarrollo/tarea3/imagenes/imagen1.png>
Package pdftex.def Info: desarrollo/tarea3/imagenes/imagen1.png  used on input 
line 8.
(pdftex.def)             Requested size: 376.00143pt x 328.99957pt.
<desarrollo/tarea3/imagenes/imagen2.png, id=247, 809.27344pt x 188.20313pt>
File: desarrollo/tarea3/imagenes/imagen2.png Graphic file (type png)
<use desarrollo/tarea3/imagenes/imagen2.png>
Package pdftex.def Info: desarrollo/tarea3/imagenes/imagen2.png  used on input 
line 16.
(pdftex.def)             Requested size: 376.00143pt x 87.44174pt.
File: images/headerInp.png Graphic file (type png)
<use images/headerInp.png>
Package pdftex.def Info: images/headerInp.png  used on input line 23.
(pdftex.def)             Requested size: 181.56552pt x 35.0pt.


Package Fancyhdr Warning: \headheight is too small (30.0pt): 
 Make it at least 38.75003pt.
 We now make it that large for the rest of the document.
 This may cause the page layout to be inconsistent, however.

Package babel Info: Redefining spanish shorthand <<
(babel)             in language  on input line 23.
Package babel Info: Redefining spanish shorthand >>
(babel)             in language  on input line 23.
Package babel Info: Redefining spanish shorthand "=
(babel)             in language  on input line 23.
Package babel Info: Redefining spanish shorthand "~
(babel)             in language  on input line 23.
Package babel Info: Redefining spanish shorthand "!
(babel)             in language  on input line 23.
Package babel Info: Redefining spanish shorthand "?
(babel)             in language  on input line 23.
Package babel Info: Redefining spanish shorthand <<
(babel)             in language  on input line 23.
Package babel Info: Redefining spanish shorthand >>
(babel)             in language  on input line 23.
Package babel Info: Redefining spanish shorthand "=
(babel)             in language  on input line 23.
Package babel Info: Redefining spanish shorthand "~
(babel)             in language  on input line 23.
Package babel Info: Redefining spanish shorthand "!
(babel)             in language  on input line 23.
Package babel Info: Redefining spanish shorthand "?
(babel)             in language  on input line 23.
[15 <./desarrollo/tarea3/imagenes/imagen1.png> <./desarrollo/tarea3/imagenes/im
agen2.png>]
<desarrollo/tarea3/imagenes/imagen3.png, id=254, 660.21657pt x 303.38344pt>
File: desarrollo/tarea3/imagenes/imagen3.png Graphic file (type png)
<use desarrollo/tarea3/imagenes/imagen3.png>
Package pdftex.def Info: desarrollo/tarea3/imagenes/imagen3.png  used on input 
line 25.
(pdftex.def)             Requested size: 376.00143pt x 172.78683pt.
<desarrollo/tarea3/imagenes/imagen4.png, id=255, 519.44063pt x 153.57375pt>
File: desarrollo/tarea3/imagenes/imagen4.png Graphic file (type png)
<use desarrollo/tarea3/imagenes/imagen4.png>
Package pdftex.def Info: desarrollo/tarea3/imagenes/imagen4.png  used on input 
line 33.
(pdftex.def)             Requested size: 376.00143pt x 111.16586pt.
File: images/headerInp.png Graphic file (type png)
<use images/headerInp.png>
Package pdftex.def Info: images/headerInp.png  used on input line 38.
(pdftex.def)             Requested size: 181.56552pt x 35.0pt.


Package Fancyhdr Warning: \headheight is too small (30.0pt): 
 Make it at least 38.75003pt.
 We now make it that large for the rest of the document.
 This may cause the page layout to be inconsistent, however.

Package babel Info: Redefining spanish shorthand <<
(babel)             in language  on input line 38.
Package babel Info: Redefining spanish shorthand >>
(babel)             in language  on input line 38.
Package babel Info: Redefining spanish shorthand "=
(babel)             in language  on input line 38.
Package babel Info: Redefining spanish shorthand "~
(babel)             in language  on input line 38.
Package babel Info: Redefining spanish shorthand "!
(babel)             in language  on input line 38.
Package babel Info: Redefining spanish shorthand "?
(babel)             in language  on input line 38.
Package babel Info: Redefining spanish shorthand <<
(babel)             in language  on input line 38.
Package babel Info: Redefining spanish shorthand >>
(babel)             in language  on input line 38.
Package babel Info: Redefining spanish shorthand "=
(babel)             in language  on input line 38.
Package babel Info: Redefining spanish shorthand "~
(babel)             in language  on input line 38.
Package babel Info: Redefining spanish shorthand "!
(babel)             in language  on input line 38.
Package babel Info: Redefining spanish shorthand "?
(babel)             in language  on input line 38.
[16 <./desarrollo/tarea3/imagenes/imagen3.png> <./desarrollo/tarea3/imagenes/im
agen4.png>]
<desarrollo/tarea3/imagenes/imagen5.png, id=262, 514.92375pt x 152.06813pt>
File: desarrollo/tarea3/imagenes/imagen5.png Graphic file (type png)
<use desarrollo/tarea3/imagenes/imagen5.png>
Package pdftex.def Info: desarrollo/tarea3/imagenes/imagen5.png  used on input 
line 40.
(pdftex.def)             Requested size: 376.00143pt x 111.04361pt.
<desarrollo/tarea3/imagenes/imagen6.png, id=263, 511.9125pt x 146.04562pt>
File: desarrollo/tarea3/imagenes/imagen6.png Graphic file (type png)
<use desarrollo/tarea3/imagenes/imagen6.png>
Package pdftex.def Info: desarrollo/tarea3/imagenes/imagen6.png  used on input 
line 46.
(pdftex.def)             Requested size: 376.00143pt x 107.26979pt.
<desarrollo/tarea3/imagenes/imagen7.png, id=264, 807.7678pt x 182.18062pt>
File: desarrollo/tarea3/imagenes/imagen7.png Graphic file (type png)
<use desarrollo/tarea3/imagenes/imagen7.png>
Package pdftex.def Info: desarrollo/tarea3/imagenes/imagen7.png  used on input 
line 54.
(pdftex.def)             Requested size: 376.00143pt x 84.80205pt.
File: images/headerInp.png Graphic file (type png)
<use images/headerInp.png>
Package pdftex.def Info: images/headerInp.png  used on input line 59.
(pdftex.def)             Requested size: 181.56552pt x 35.0pt.


Package Fancyhdr Warning: \headheight is too small (30.0pt): 
 Make it at least 38.75003pt.
 We now make it that large for the rest of the document.
 This may cause the page layout to be inconsistent, however.

Package babel Info: Redefining spanish shorthand <<
(babel)             in language  on input line 59.
Package babel Info: Redefining spanish shorthand >>
(babel)             in language  on input line 59.
Package babel Info: Redefining spanish shorthand "=
(babel)             in language  on input line 59.
Package babel Info: Redefining spanish shorthand "~
(babel)             in language  on input line 59.
Package babel Info: Redefining spanish shorthand "!
(babel)             in language  on input line 59.
Package babel Info: Redefining spanish shorthand "?
(babel)             in language  on input line 59.
Package babel Info: Redefining spanish shorthand <<
(babel)             in language  on input line 59.
Package babel Info: Redefining spanish shorthand >>
(babel)             in language  on input line 59.
Package babel Info: Redefining spanish shorthand "=
(babel)             in language  on input line 59.
Package babel Info: Redefining spanish shorthand "~
(babel)             in language  on input line 59.
Package babel Info: Redefining spanish shorthand "!
(babel)             in language  on input line 59.
Package babel Info: Redefining spanish shorthand "?
(babel)             in language  on input line 59.
[17 <./desarrollo/tarea3/imagenes/imagen5.png> <./desarrollo/tarea3/imagenes/im
agen6.png> <./desarrollo/tarea3/imagenes/imagen7.png>]
<desarrollo/tarea3/imagenes/imagen8.png, id=273, 529.98pt x 401.24907pt>
File: desarrollo/tarea3/imagenes/imagen8.png Graphic file (type png)
<use desarrollo/tarea3/imagenes/imagen8.png>
Package pdftex.def Info: desarrollo/tarea3/imagenes/imagen8.png  used on input 
line 63.
(pdftex.def)             Requested size: 376.00143pt x 284.67453pt.
<desarrollo/tarea3/imagenes/imagen9.png, id=274, 855.94781pt x 116.68594pt>
File: desarrollo/tarea3/imagenes/imagen9.png Graphic file (type png)
<use desarrollo/tarea3/imagenes/imagen9.png>
Package pdftex.def Info: desarrollo/tarea3/imagenes/imagen9.png  used on input 
line 71.
(pdftex.def)             Requested size: 376.00143pt x 51.25827pt.
File: images/headerInp.png Graphic file (type png)
<use images/headerInp.png>
Package pdftex.def Info: images/headerInp.png  used on input line 76.
(pdftex.def)             Requested size: 181.56552pt x 35.0pt.


Package Fancyhdr Warning: \headheight is too small (30.0pt): 
 Make it at least 38.75003pt.
 We now make it that large for the rest of the document.
 This may cause the page layout to be inconsistent, however.

Package babel Info: Redefining spanish shorthand <<
(babel)             in language  on input line 76.
Package babel Info: Redefining spanish shorthand >>
(babel)             in language  on input line 76.
Package babel Info: Redefining spanish shorthand "=
(babel)             in language  on input line 76.
Package babel Info: Redefining spanish shorthand "~
(babel)             in language  on input line 76.
Package babel Info: Redefining spanish shorthand "!
(babel)             in language  on input line 76.
Package babel Info: Redefining spanish shorthand "?
(babel)             in language  on input line 76.
Package babel Info: Redefining spanish shorthand <<
(babel)             in language  on input line 76.
Package babel Info: Redefining spanish shorthand >>
(babel)             in language  on input line 76.
Package babel Info: Redefining spanish shorthand "=
(babel)             in language  on input line 76.
Package babel Info: Redefining spanish shorthand "~
(babel)             in language  on input line 76.
Package babel Info: Redefining spanish shorthand "!
(babel)             in language  on input line 76.
Package babel Info: Redefining spanish shorthand "?
(babel)             in language  on input line 76.
[18 <./desarrollo/tarea3/imagenes/imagen8.png> <./desarrollo/tarea3/imagenes/im
agen9.png>]
<desarrollo/tarea3/imagenes/imagen10.png, id=281, 402.75468pt x 152.82094pt>
File: desarrollo/tarea3/imagenes/imagen10.png Graphic file (type png)
<use desarrollo/tarea3/imagenes/imagen10.png>
Package pdftex.def Info: desarrollo/tarea3/imagenes/imagen10.png  used on input
 line 80.
(pdftex.def)             Requested size: 376.00143pt x 142.66997pt.
File: images/headerInp.png Graphic file (type png)
<use images/headerInp.png>
Package pdftex.def Info: images/headerInp.png  used on input line 87.
(pdftex.def)             Requested size: 181.56552pt x 35.0pt.


Package Fancyhdr Warning: \headheight is too small (30.0pt): 
 Make it at least 38.75003pt.
 We now make it that large for the rest of the document.
 This may cause the page layout to be inconsistent, however.

Package babel Info: Redefining spanish shorthand <<
(babel)             in language  on input line 87.
Package babel Info: Redefining spanish shorthand >>
(babel)             in language  on input line 87.
Package babel Info: Redefining spanish shorthand "=
(babel)             in language  on input line 87.
Package babel Info: Redefining spanish shorthand "~
(babel)             in language  on input line 87.
Package babel Info: Redefining spanish shorthand "!
(babel)             in language  on input line 87.
Package babel Info: Redefining spanish shorthand "?
(babel)             in language  on input line 87.
Package babel Info: Redefining spanish shorthand <<
(babel)             in language  on input line 87.
Package babel Info: Redefining spanish shorthand >>
(babel)             in language  on input line 87.
Package babel Info: Redefining spanish shorthand "=
(babel)             in language  on input line 87.
Package babel Info: Redefining spanish shorthand "~
(babel)             in language  on input line 87.
Package babel Info: Redefining spanish shorthand "!
(babel)             in language  on input line 87.
Package babel Info: Redefining spanish shorthand "?
(babel)             in language  on input line 87.
[19 <./desarrollo/tarea3/imagenes/imagen10.png>]
<desarrollo/tarea3/imagenes/imagen11.png, id=287, 606.01407pt x 292.84406pt>
File: desarrollo/tarea3/imagenes/imagen11.png Graphic file (type png)
<use desarrollo/tarea3/imagenes/imagen11.png>
Package pdftex.def Info: desarrollo/tarea3/imagenes/imagen11.png  used on input
 line 89.
(pdftex.def)             Requested size: 376.00143pt x 181.69548pt.
<desarrollo/tarea3/imagenes/imagen12.png, id=288, 592.46344pt x 313.17pt>
File: desarrollo/tarea3/imagenes/imagen12.png Graphic file (type png)
<use desarrollo/tarea3/imagenes/imagen12.png>
Package pdftex.def Info: desarrollo/tarea3/imagenes/imagen12.png  used on input
 line 95.
(pdftex.def)             Requested size: 376.00143pt x 198.7556pt.
)
File: images/headerInp.png Graphic file (type png)
<use images/headerInp.png>
Package pdftex.def Info: images/headerInp.png  used on input line 73.
(pdftex.def)             Requested size: 181.56552pt x 35.0pt.


Package Fancyhdr Warning: \headheight is too small (30.0pt): 
 Make it at least 38.75003pt.
 We now make it that large for the rest of the document.
 This may cause the page layout to be inconsistent, however.

Package babel Info: Redefining spanish shorthand <<
(babel)             in language  on input line 73.
Package babel Info: Redefining spanish shorthand >>
(babel)             in language  on input line 73.
Package babel Info: Redefining spanish shorthand "=
(babel)             in language  on input line 73.
Package babel Info: Redefining spanish shorthand "~
(babel)             in language  on input line 73.
Package babel Info: Redefining spanish shorthand "!
(babel)             in language  on input line 73.
Package babel Info: Redefining spanish shorthand "?
(babel)             in language  on input line 73.
Package babel Info: Redefining spanish shorthand <<
(babel)             in language  on input line 73.
Package babel Info: Redefining spanish shorthand >>
(babel)             in language  on input line 73.
Package babel Info: Redefining spanish shorthand "=
(babel)             in language  on input line 73.
Package babel Info: Redefining spanish shorthand "~
(babel)             in language  on input line 73.
Package babel Info: Redefining spanish shorthand "!
(babel)             in language  on input line 73.
Package babel Info: Redefining spanish shorthand "?
(babel)             in language  on input line 73.
[20 <./desarrollo/tarea3/imagenes/imagen11.png> <./desarrollo/tarea3/imagenes/i
magen12.png>]
Cap\'{\i }tulo 4.
Package babel Info: Redefining spanish shorthand <<
(babel)             in language  on input line 73.
Package babel Info: Redefining spanish shorthand >>
(babel)             in language  on input line 73.
Package babel Info: Redefining spanish shorthand "=
(babel)             in language  on input line 73.
Package babel Info: Redefining spanish shorthand "~
(babel)             in language  on input line 73.
Package babel Info: Redefining spanish shorthand "!
(babel)             in language  on input line 73.
Package babel Info: Redefining spanish shorthand "?
(babel)             in language  on input line 73.
Package babel Info: Redefining spanish shorthand <<
(babel)             in language  on input line 76.
Package babel Info: Redefining spanish shorthand >>
(babel)             in language  on input line 76.
Package babel Info: Redefining spanish shorthand "=
(babel)             in language  on input line 76.
Package babel Info: Redefining spanish shorthand "~
(babel)             in language  on input line 76.
Package babel Info: Redefining spanish shorthand "!
(babel)             in language  on input line 76.
Package babel Info: Redefining spanish shorthand "?
(babel)             in language  on input line 76.
(conclusiones/jesus.tex)
Package babel Info: Redefining spanish shorthand <<
(babel)             in language  on input line 80.
Package babel Info: Redefining spanish shorthand >>
(babel)             in language  on input line 80.
Package babel Info: Redefining spanish shorthand "=
(babel)             in language  on input line 80.
Package babel Info: Redefining spanish shorthand "~
(babel)             in language  on input line 80.
Package babel Info: Redefining spanish shorthand "!
(babel)             in language  on input line 80.
Package babel Info: Redefining spanish shorthand "?
(babel)             in language  on input line 80.
 (conclusiones/kevin.tex)
Package babel Info: Redefining spanish shorthand <<
(babel)             in language  on input line 84.
Package babel Info: Redefining spanish shorthand >>
(babel)             in language  on input line 84.
Package babel Info: Redefining spanish shorthand "=
(babel)             in language  on input line 84.
Package babel Info: Redefining spanish shorthand "~
(babel)             in language  on input line 84.
Package babel Info: Redefining spanish shorthand "!
(babel)             in language  on input line 84.
Package babel Info: Redefining spanish shorthand "?
(babel)             in language  on input line 84.
 (conclusiones/marco.tex)
(bibliografia/bibliografia.tex
Package babel Info: Redefining spanish shorthand <<
(babel)             in language  on input line 2.
Package babel Info: Redefining spanish shorthand >>
(babel)             in language  on input line 2.
Package babel Info: Redefining spanish shorthand "=
(babel)             in language  on input line 2.
Package babel Info: Redefining spanish shorthand "~
(babel)             in language  on input line 2.
Package babel Info: Redefining spanish shorthand "!
(babel)             in language  on input line 2.
Package babel Info: Redefining spanish shorthand "?
(babel)             in language  on input line 2.
Package babel Info: Redefining spanish shorthand <<
(babel)             in language  on input line 2.
Package babel Info: Redefining spanish shorthand >>
(babel)             in language  on input line 2.
Package babel Info: Redefining spanish shorthand "=
(babel)             in language  on input line 2.
Package babel Info: Redefining spanish shorthand "~
(babel)             in language  on input line 2.
Package babel Info: Redefining spanish shorthand "!
(babel)             in language  on input line 2.
Package babel Info: Redefining spanish shorthand "?
(babel)             in language  on input line 2.
 [21

]
LaTeX Font Info:    Font shape `OT1/cmbr/m/it' in size <10> not available
(Font)              Font shape `OT1/cmbr/m/sl' tried instead on input line 6.
LaTeX Font Info:    Try loading font information for OT1+cmtl on input line 10.


("C:\Program Files\MiKTeX 2.9\tex\latex\cmbright\ot1cmtl.fd"
File: ot1cmtl.fd 2005/04/13 v8.1 (WaS)
)
LaTeX Font Info:    Try loading font information for U+lasy on input line 34.

("C:\Program Files\MiKTeX 2.9\tex\latex\base\ulasy.fd"
File: ulasy.fd 1998/08/17 v2.2e LaTeX symbol font definitions
)
Underfull \hbox (badness 10000) in paragraph at lines 29--36
\OT1/cmbr/m/sc/10 Disponible en []```<HEAD [][]$\OT1/cmtl/m/n/10 http : / / blo
g . capacityacademy . com / 2014 / 06 / 20 /
 []


Overfull \hbox (86.80077pt too wide) in paragraph at lines 38--46
\OT1/cmbr/m/sc/10 Disponible en [][]$\OT1/cmtl/m/n/10 http : / / blog . capacit
yacademy . com / 2014 / 06 / 23 / cisco-[]ccna-[]como-[]configurar-[]ospf-[]en-
[]cisco-[]router/$[][]
 []


Underfull \hbox (badness 10000) in paragraph at lines 38--46
\OT1/cmbr/m/sc/10 ======= [][]$\OT1/cmtl/m/n/10 http : / / www . cisco . com / 
cisco / web / support / LA / 102 / 1025 / 1025763 _ HAS _ baseline .
 []

)
Package atveryend Info: Empty hook `BeforeClearDocument' on input line 93.
Package babel Info: Redefining spanish shorthand <<
(babel)             in language  on input line 93.
Package babel Info: Redefining spanish shorthand >>
(babel)             in language  on input line 93.
Package babel Info: Redefining spanish shorthand "=
(babel)             in language  on input line 93.
Package babel Info: Redefining spanish shorthand "~
(babel)             in language  on input line 93.
Package babel Info: Redefining spanish shorthand "!
(babel)             in language  on input line 93.
Package babel Info: Redefining spanish shorthand "?
(babel)             in language  on input line 93.
Package babel Info: Redefining spanish shorthand <<
(babel)             in language  on input line 93.
Package babel Info: Redefining spanish shorthand >>
(babel)             in language  on input line 93.
Package babel Info: Redefining spanish shorthand "=
(babel)             in language  on input line 93.
Package babel Info: Redefining spanish shorthand "~
(babel)             in language  on input line 93.
Package babel Info: Redefining spanish shorthand "!
(babel)             in language  on input line 93.
Package babel Info: Redefining spanish shorthand "?
(babel)             in language  on input line 93.
 [22

]
Package atveryend Info: Empty hook `AfterLastShipout' on input line 93.
 (analisis.aux
LaTeX Info: Redefining \. on input line 23.
LaTeX Info: Redefining \% on input line 23.
)
Package atveryend Info: Executing hook `AtVeryEndDocument' on input line 93.
Package atveryend Info: Executing hook `AtEndAfterFileList' on input line 93.
Package rerunfilecheck Info: File `analisis.out' has not changed.
(rerunfilecheck)             Checksum: CDBD815A3DF4EF52461379A553666C7C;1530.


LaTeX Font Warning: Some font shapes were not available, defaults substituted.

Package atveryend Info: Empty hook `AtVeryVeryEnd' on input line 93.
 ) 
Here is how much of TeX's memory you used:
 9776 strings out of 492973
 144502 string characters out of 3135932
 249363 words of memory out of 3000000
 13288 multiletter control sequences out of 15000+200000
 15794 words of font info for 60 fonts, out of 3000000 for 9000
 1141 hyphenation exceptions out of 8191
 48i,15n,45p,745b,428s stack positions out of 5000i,500n,10000p,200000b,50000s
 <C:\Users\Marco\AppData\Local\MiKTeX\2.9\fonts\pk\ljfour\public\cmbright\dpi
600\cmtl10.pk> <C:\Users\Marco\AppData\Local\MiKTeX\2.9\fonts\pk\ljfour\public\
cmbright\dpi600\cmbrsl10.pk> <C:\Users\Marco\AppData\Local\MiKTeX\2.9\fonts\pk\
ljfour\public\cmbright\dpi720\cmbrbx10.pk> <C:\Users\Marco\AppData\Local\MiKTeX
\2.9\fonts\pk\ljfour\public\cmbright\dpi600\cmbr8.pk> <C:\Users\Marco\AppData\L
ocal\MiKTeX\2.9\fonts\pk\ljfour\public\cmbright\dpi375\cmbrsl8.pk> <C:\Users\Ma
rco\AppData\Local\MiKTeX\2.9\fonts\pk\ljfour\public\cmbright\dpi864\cmbrbx10.pk
> <C:\Users\Marco\AppData\Local\MiKTeX\2.9\fonts\pk\ljfour\public\cmbright\dpi6
00\cmbrsy10.pk> <C:\Users\Marco\AppData\Local\MiKTeX\2.9\fonts\pk\ljfour\public
\cmbright\dpi525\cmbr8.pk> <C:\Users\Marco\AppData\Local\MiKTeX\2.9\fonts\pk\lj
four\public\cmbright\dpi600\cmbr10.pk> <C:\Users\Marco\AppData\Local\MiKTeX\2.9
\fonts\pk\ljfour\public\cmbright\dpi600\cmbrbx10.pk> <C:\Users\Marco\AppData\Lo
cal\MiKTeX\2.9\fonts\pk\ljfour\public\cmbright\dpi864\cmbr10.pk> <C:\Users\Marc
o\AppData\Local\MiKTeX\2.9\fonts\pk\ljfour\public\cmbright\dpi720\cmbr10.pk> <C
:\Users\Marco\AppData\Local\MiKTeX\2.9\fonts\pk\ljfour\public\cmbright\dpi600\c
mbr17.pk> <C:\Users\Marco\AppData\Local\MiKTeX\2.9\fonts\pk\ljfour\public\cmbri
ght\dpi864\cmbr17.pk><C:/Program Files/MiKTeX 2.9/fonts/type1/public/amsfonts/l
atxfont/lasy10.pfb><C:/Program Files/MiKTeX 2.9/fonts/type1/public/marvosym/mar
vosym.pfb>
Output written on analisis.pdf (24 pages, 991930 bytes).
PDF statistics:
 820 PDF objects out of 1000 (max. 8388607)
 106 named destinations out of 1000 (max. 500000)
 298 words of extra memory for PDF output out of 10000 (max. 10000000)

