\BOOKMARK [0][-]{chapter.1}{Introducci\363n.}{}% 1
\BOOKMARK [1][-]{section.1.1}{Administraci\363n del rendimiento.}{chapter.1}% 2
\BOOKMARK [2][-]{subsection.1.1.1}{Contrato de nivel de servicio.}{section.1.1}% 3
\BOOKMARK [2][-]{subsection.1.1.2}{Supervisi\363n del rendimiento, medici\363n e informes}{section.1.1}% 4
\BOOKMARK [1][-]{section.1.2}{Linea de Base.}{chapter.1}% 5
\BOOKMARK [1][-]{section.1.3}{M\351todo de m\355nimos cuadrados.}{chapter.1}% 6
\BOOKMARK [1][-]{section.1.4}{Suavizamiento exponencial \(Holt Winters\).}{chapter.1}% 7
\BOOKMARK [0][-]{chapter.2}{Desarrollo de la pr\341ctica.}{}% 8
\BOOKMARK [1][-]{section.2.1}{Parte 1 - An\341lisis y ajuste del rendimiento \(l\355nea de base\).}{chapter.2}% 9
\BOOKMARK [2][-]{subsection.2.1.1}{Tarea 1: Inventario de la configuraci\363n.}{section.2.1}% 10
\BOOKMARK [2][-]{subsection.2.1.2}{Tarea 2: Verificar que SNMP MIB se admita en el host.}{section.2.1}% 11
\BOOKMARK [2][-]{subsection.2.1.3}{Tarea 3: Consultar y registrar objetos MIB del SNMP espec\355ficos del HOST.}{section.2.1}% 12
\BOOKMARK [2][-]{subsection.2.1.4}{Tarea 4: Analice los datos para determinar los umbrales.}{section.2.1}% 13
\BOOKMARK [2][-]{subsection.2.1.5}{Tarea 5: Problemas inmediatos identificados arreglo.}{section.2.1}% 14
\BOOKMARK [1][-]{section.2.2}{Parte 2 - Detecci\363n de comportamiento an\363malo al monitorizar una red.}{chapter.2}% 15
\BOOKMARK [2][-]{subsection.2.2.1}{Tarea 1: Predicci\363n de la tendencia de series temporales lineales.}{section.2.2}% 16
\BOOKMARK [2][-]{subsection.2.2.2}{Tarea 2: Predicci\363n de la tendencia de series temporales no linealest.}{section.2.2}% 17
\BOOKMARK [0][-]{chapter.3}{Conclusiones.}{}% 18
\BOOKMARK [1][-]{section.3.1}{Huerta Mart\355nez Jes\372s Manuel.}{chapter.3}% 19
\BOOKMARK [1][-]{section.3.2}{Monte\363n Vald\351z Ra\372l Kevin.}{chapter.3}% 20
\BOOKMARK [1][-]{section.3.3}{Olivares Garc\355a Marco Antoniol.}{chapter.3}% 21
\BOOKMARK [0][-]{chapter.4}{Bibliograf\355a.}{}% 22
